<?xml version="1.0" encoding="UTF-8"?>
<!-- Generated by org.testng.reporters.JUnitXMLReporter -->
<testsuite ignored="0" hostname="BUR-JSWAMYNA-W1" failures="1" tests="2" name="Amazontest" time="64.061" errors="0" timestamp="28 Apr 2021 19:54:26 GMT">
  <testcase classname="com.qa.snapdeal.amazontest" name="amazontc1" time="0.001"/>
  <testcase classname="com.qa.snapdeal.amazontest" name="amazontc2" time="9.087">
    <failure type="java.lang.IndexOutOfBoundsException" message="Index 4 out of bounds for length 0">
      <![CDATA[java.lang.IndexOutOfBoundsException: Index 4 out of bounds for length 0
at java.base/jdk.internal.util.Preconditions.outOfBounds(Preconditions.java:64)
at java.base/jdk.internal.util.Preconditions.outOfBoundsCheckIndex(Preconditions.java:70)
at java.base/jdk.internal.util.Preconditions.checkIndex(Preconditions.java:248)
at java.base/java.util.Objects.checkIndex(Objects.java:359)
at java.base/java.util.ArrayList.get(ArrayList.java:427)
at com.qa.snapdeal.amazontest.amazontc2(amazontest.java:51)
at java.base/java.util.concurrent.FutureTask.run(FutureTask.java:264)
at java.base/java.util.concurrent.ThreadPoolExecutor.runWorker(ThreadPoolExecutor.java:1130)
at java.base/java.util.concurrent.ThreadPoolExecutor$Worker.run(ThreadPoolExecutor.java:630)
at java.base/java.lang.Thread.run(Thread.java:832)
... Removed 16 stack frames]]>
    </failure>
  </testcase> <!-- amazontc2 -->
</testsuite> <!-- Amazontest -->
